INFO:  latexindent.pl version 3.24.5, 2025-03-13, a script to indent .tex files
       latexindent.pl lives here: /opt/homebrew/Cellar/latexindent/3.24.5/libexec/bin/
       Sun Jun 15 00:28:34 2025
       Filename: bounded_default.tex
INFO:  Processing switches:
       -w|--overwrite: Overwrite mode active, will make a back up before overwriting
INFO:  Directory for backup files and log file indent.log:
       .
INFO:  Perl modules are being loaded from the following directories:
       /opt/homebrew/opt/perl/lib/perl5/5.40/FindBin.pm
       /opt/homebrew/Cellar/latexindent/3.24.5/libexec/lib/perl5/YAML/Tiny.pm
       /opt/homebrew/opt/perl/lib/perl5/5.40/File/Copy.pm
       /opt/homebrew/opt/perl/lib/perl5/5.40/File/Basename.pm
       /opt/homebrew/opt/perl/lib/perl5/5.40/Getopt/Long.pm
       /opt/homebrew/Cellar/latexindent/3.24.5/libexec/lib/perl5/File/HomeDir.pm
INFO:  LatexIndent perl modules are being loaded from, for example:
       /opt/homebrew/Cellar/latexindent/3.24.5/libexec/lib/perl5/LatexIndent/Document.pm
INFO:  YAML settings read: defaultSettings.yaml
       Reading defaultSettings.yaml from /opt/homebrew/Cellar/latexindent/3.24.5/libexec/bin/defaultSettings.yaml
INFO:  YAML reading settings
       Home directory is /Users/cheneyg.
       latexindent.pl didn't find indentconfig.yaml or .indentconfig.yaml
       see all possible locations: https://latexindentpl.readthedocs.io/en/latest/sec-appendices.html#indentconfig-options)
INFO:  Backup procedure (-w flag active):
       ./bounded_default.bak0 already exists, incrementing by 1 (see maxNumberOfBackUps)
       ./bounded_default.bak1 already exists, incrementing by 1 (see maxNumberOfBackUps)
       ./bounded_default.bak2 already exists, incrementing by 1 (see maxNumberOfBackUps)
       ./bounded_default.bak3 already exists, incrementing by 1 (see maxNumberOfBackUps)
       ./bounded_default.bak4 already exists, incrementing by 1 (see maxNumberOfBackUps)
       ./bounded_default.bak5 already exists, incrementing by 1 (see maxNumberOfBackUps)
       ./bounded_default.bak6 already exists, incrementing by 1 (see maxNumberOfBackUps)
       ./bounded_default.bak7 already exists, incrementing by 1 (see maxNumberOfBackUps)
       ./bounded_default.bak8 already exists, incrementing by 1 (see maxNumberOfBackUps)
       Backing up bounded_default.tex to ./bounded_default.bak9...
       bounded_default.tex will be overwritten after indentation
INFO:  Phase 1: searching for objects
INFO:  Phase 2: finding surrounding indentation
INFO:  Phase 3: indenting objects
INFO:  Phase 4: final indentation check
INFO:  Output routine:
       Overwriting file bounded_default.tex
       --------------
INFO:  Please direct all communication/issues to:
        https://github.com/cmhughes/latexindent.pl
